# JRE version: Java(TM) SE Runtime Environment (11.0.2+9) (build 11.0.2+9-LTS)
# Java VM: Java HotSpot(TM) 64-Bit Server VM (11.0.2+9-LTS, mixed mode, tiered, compressed oops, g1 gc, windows-amd64)
Heap:
 garbage-first heap   total 275456K, used 218187K [0x00000000a0000000, 0x0000000100000000)
  region size 1024K, 17 young (17408K), 1 survivors (1024K)
 Metaspace       used 119859K, capacity 122484K, committed 122828K, reserved 1157120K
  class space    used 14574K, capacity 15507K, committed 15616K, reserved 1048576K
GC Heap History (10 events):
Event: 8848.853 GC heap before
{Heap before GC invocations=131 (full 0):
 garbage-first heap   total 229376K, used 188416K [0x00000000a0000000, 0x0000000100000000)
  region size 1024K, 11 young (11264K), 3 survivors (3072K)
 Metaspace       used 119778K, capacity 122414K, committed 122828K, reserved 1157120K
  class space    used 14574K, capacity 15507K, committed 15616K, reserved 1048576K
}
Event: 8848.871 GC heap after
{Heap after GC invocations=132 (full 0):
 garbage-first heap   total 229376K, used 182709K [0x00000000a0000000, 0x0000000100000000)
  region size 1024K, 2 young (2048K), 2 survivors (2048K)
 Metaspace       used 119778K, capacity 122414K, committed 122828K, reserved 1157120K
  class space    used 14574K, capacity 15507K, committed 15616K, reserved 1048576K
}
Event: 8848.933 GC heap before
{Heap before GC invocations=132 (full 0):
 garbage-first heap   total 229376K, used 186805K [0x00000000a0000000, 0x0000000100000000)
  region size 1024K, 7 young (7168K), 2 survivors (2048K)
 Metaspace       used 119780K, capacity 122414K, committed 122828K, reserved 1157120K
  class space    used 14574K, capacity 15507K, committed 15616K, reserved 1048576K
}
Event: 8848.945 GC heap after
{Heap after GC invocations=133 (full 0):
 garbage-first heap   total 275456K, used 185344K [0x00000000a0000000, 0x0000000100000000)
  region size 1024K, 2 young (2048K), 2 survivors (2048K)
 Metaspace       used 119780K, capacity 122414K, committed 122828K, reserved 1157120K
  class space    used 14574K, capacity 15507K, committed 15616K, reserved 1048576K
}
Event: 8849.828 GC heap before
{Heap before GC invocations=134 (full 0):
 garbage-first heap   total 275456K, used 195584K [0x00000000a0000000, 0x0000000100000000)
  region size 1024K, 23 young (23552K), 2 survivors (2048K)
 Metaspace       used 119829K, capacity 122479K, committed 122828K, reserved 1157120K
  class space    used 14574K, capacity 15507K, committed 15616K, reserved 1048576K
}
Event: 8849.852 GC heap after
{Heap after GC invocations=135 (full 0):
 garbage-first heap   total 275456K, used 183689K [0x00000000a0000000, 0x0000000100000000)
  region size 1024K, 3 young (3072K), 3 survivors (3072K)
 Metaspace       used 119829K, capacity 122479K, committed 122828K, reserved 1157120K
  class space    used 14574K, capacity 15507K, committed 15616K, reserved 1048576K
}
Event: 8850.188 GC heap before
{Heap before GC invocations=135 (full 0):
 garbage-first heap   total 275456K, used 195977K [0x00000000a0000000, 0x0000000100000000)
  region size 1024K, 13 young (13312K), 3 survivors (3072K)
 Metaspace       used 119834K, capacity 122479K, committed 122828K, reserved 1157120K
  class space    used 14574K, capacity 15507K, committed 15616K, reserved 1048576K
}
Event: 8850.217 GC heap after
{Heap after GC invocations=136 (full 0):
 garbage-first heap   total 275456K, used 185970K [0x00000000a0000000, 0x0000000100000000)
  region size 1024K, 2 young (2048K), 2 survivors (2048K)
 Metaspace       used 119834K, capacity 122479K, committed 122828K, reserved 1157120K
  class space    used 14574K, capacity 15507K, committed 15616K, reserved 1048576K
}
Event: 8850.239 GC heap before
{Heap before GC invocations=136 (full 0):
 garbage-first heap   total 275456K, used 186994K [0x00000000a0000000, 0x0000000100000000)
  region size 1024K, 4 young (4096K), 2 survivors (2048K)
 Metaspace       used 119835K, capacity 122480K, committed 122828K, reserved 1157120K
  class space    used 14574K, capacity 15507K, committed 15616K, reserved 1048576K
}
Event: 8850.250 GC heap after
{Heap after GC invocations=137 (full 0):
 garbage-first heap   total 275456K, used 187467K [0x00000000a0000000, 0x0000000100000000)
  region size 1024K, 1 young (1024K), 1 survivors (1024K)
 Metaspace       used 119835K, capacity 122480K, committed 122828K, reserved 1157120K
  class space    used 14574K, capacity 15507K, committed 15616K, reserved 1048576K
}

